-------------------------------------------------------------------------------
Test set: com.model.FillBlankTest
-------------------------------------------------------------------------------
Tests run: 5, Failures: 3, Errors: 0, Skipped: 0, Time elapsed: 5.122 s <<< FAILURE! -- in com.model.FillBlankTest
com.model.FillBlankTest.testValidateCorrectAnswer -- Time elapsed: 0.010 s <<< FAILURE!
org.opentest4j.AssertionFailedError: User answer should be validated as correct based on the position of the correct answer. ==> expected: <true> but was: <false>
	at org.junit.jupiter.api.AssertionFailureBuilder.build(AssertionFailureBuilder.java:151)
	at org.junit.jupiter.api.AssertionFailureBuilder.buildAndThrow(AssertionFailureBuilder.java:132)
	at org.junit.jupiter.api.AssertTrue.failNotTrue(AssertTrue.java:63)
	at org.junit.jupiter.api.AssertTrue.assertTrue(AssertTrue.java:36)
	at org.junit.jupiter.api.Assertions.assertTrue(Assertions.java:210)
	at com.language@1.0-SNAPSHOT/com.model.FillBlankTest.testValidateCorrectAnswer(FillBlankTest.java:68)
	at java.base/java.lang.reflect.Method.invoke(Method.java:580)
	at java.base/java.util.ArrayList.forEach(ArrayList.java:1597)
	at java.base/java.util.ArrayList.forEach(ArrayList.java:1597)

com.model.FillBlankTest.testInitialization -- Time elapsed: 0.011 s <<< FAILURE!
org.opentest4j.AssertionFailedError: Correct answer should be the first option in the list. ==> expected: <null> but was: <Word{text='placeholder', foreign='placeholder', pronounce='placeholder', genre=NOUN}>
	at org.junit.jupiter.api.AssertionFailureBuilder.build(AssertionFailureBuilder.java:151)
	at org.junit.jupiter.api.AssertionFailureBuilder.buildAndThrow(AssertionFailureBuilder.java:132)
	at org.junit.jupiter.api.AssertEquals.failNotEqual(AssertEquals.java:197)
	at org.junit.jupiter.api.AssertEquals.assertEquals(AssertEquals.java:182)
	at org.junit.jupiter.api.Assertions.assertEquals(Assertions.java:1152)
	at com.language@1.0-SNAPSHOT/com.model.FillBlankTest.testInitialization(FillBlankTest.java:44)
	at java.base/java.lang.reflect.Method.invoke(Method.java:580)
	at java.base/java.util.ArrayList.forEach(ArrayList.java:1597)
	at java.base/java.util.ArrayList.forEach(ArrayList.java:1597)

com.model.FillBlankTest.testValidateIncorrectAnswer -- Time elapsed: 0.001 s <<< FAILURE!
org.opentest4j.AssertionFailedError: User answer should be validated as incorrect. ==> expected: <false> but was: <true>
	at org.junit.jupiter.api.AssertionFailureBuilder.build(AssertionFailureBuilder.java:151)
	at org.junit.jupiter.api.AssertionFailureBuilder.buildAndThrow(AssertionFailureBuilder.java:132)
	at org.junit.jupiter.api.AssertFalse.failNotFalse(AssertFalse.java:63)
	at org.junit.jupiter.api.AssertFalse.assertFalse(AssertFalse.java:36)
	at org.junit.jupiter.api.Assertions.assertFalse(Assertions.java:235)
	at com.language@1.0-SNAPSHOT/com.model.FillBlankTest.testValidateIncorrectAnswer(FillBlankTest.java:80)
	at java.base/java.lang.reflect.Method.invoke(Method.java:580)
	at java.base/java.util.ArrayList.forEach(ArrayList.java:1597)
	at java.base/java.util.ArrayList.forEach(ArrayList.java:1597)

