<?xml version="1.0" encoding="UTF-8"?>
<testsuite xmlns:xsi="http://www.w3.org/2001/XMLSchema-instance" xsi:noNamespaceSchemaLocation="https://maven.apache.org/surefire/maven-surefire-plugin/xsd/surefire-test-report-3.0.xsd" version="3.0" name="com.model.TrueFalseTest" time="0.048" tests="1" errors="1" skipped="0" failures="0">
  <properties>
[...]
</properties>
  <testcase name="testTrueAnswer" classname="com.model.TrueFalseTest" time="0.008">
    <error type="java.lang.NullPointerException"><![CDATA[java.lang.NullPointerException
	at java.base/java.io.Reader.<init>(Reader.java:168)
	at java.base/java.io.InputStreamReader.<init>(InputStreamReader.java:123)
	at com.language@1.0-SNAPSHOT/com.model.DataLoader.loadWordsFromResource(DataLoader.java:313)
	at com.language@1.0-SNAPSHOT/com.model.WordList.loadWords(WordList.java:57)
	at com.language@1.0-SNAPSHOT/com.model.WordList.<init>(WordList.java:24)
	at com.language@1.0-SNAPSHOT/com.model.WordList.getInstance(WordList.java:39)
	at com.language@1.0-SNAPSHOT/com.model.TrueFalseTest.<init>(TrueFalseTest.java:8)
	at java.base/java.lang.reflect.Constructor.newInstanceWithCaller(Constructor.java:502)
	at java.base/java.lang.reflect.Constructor.newInstance(Constructor.java:486)
	at java.base/java.util.Optional.orElseGet(Optional.java:364)
	at java.base/java.util.ArrayList.forEach(ArrayList.java:1597)
	at java.base/java.util.ArrayList.forEach(ArrayList.java:1597)
]]></error>
  </testcase>
</testsuite>